<?xml version="1.0" encoding="UTF-8"?>
<robot generator="Robot 6.0.1 (Python 3.11.0 on win32)" generated="20221201 04:58:14.556" rpa="false" schemaversion="3">
<suite id="s1" name="Tests" source="C:\Users\verva\Koo\miniprojekti\pondetiimi\src\tests">
<suite id="s1-s1" name="Exporttobibtex" source="C:\Users\verva\Koo\miniprojekti\pondetiimi\src\tests\exporttobibtex.robot">
<test id="s1-s1-t1" name="Export All References Succesfully To A Bibtex File" line="6">
<kw name="Add New Reference" library="RobotLibrary" type="SETUP">
<arg>Kirjoittaja Yksi, Kirjoittaja Kaksi</arg>
<arg>Otsikko</arg>
<arg>Julkaisija</arg>
<arg>2000</arg>
<arg>0000</arg>
<status status="PASS" starttime="20221201 04:58:15.825" endtime="20221201 04:58:15.825"/>
</kw>
<kw name="Input Export Command" library="resource">
<kw name="Input" library="RobotLibrary">
<arg>vie</arg>
<status status="PASS" starttime="20221201 04:58:15.825" endtime="20221201 04:58:15.825"/>
</kw>
<status status="PASS" starttime="20221201 04:58:15.825" endtime="20221201 04:58:15.840"/>
</kw>
<kw name="Input" library="RobotLibrary">
<arg>Tiedostonimi</arg>
<status status="PASS" starttime="20221201 04:58:15.840" endtime="20221201 04:58:15.840"/>
</kw>
<kw name="Run Application" library="RobotLibrary">
<msg timestamp="20221201 04:58:15.840" level="INFO">Komento 'uusi' luo uuden lähdeviitteen
Komento 'listaa' listaa kaikki lähdeviitteet
Komento 'vie' vie lähdeviitteet bibtex-tiedostoon
Komento 'lopeta' lopettaa ohjelman

Komento 'uusi' luo uuden lähdeviitteen
Komento 'listaa' listaa kaikki lähdeviitteet
Komento 'vie' vie lähdeviitteet bibtex-tiedostoon
Komento 'lopeta' lopettaa ohjelman</msg>
<status status="PASS" starttime="20221201 04:58:15.840" endtime="20221201 04:58:15.840"/>
</kw>
<kw name="Output Should Contain" library="RobotLibrary">
<arg>Viitteet viety tiedostoon: Tiedostonimi.bib!</arg>
<status status="PASS" starttime="20221201 04:58:15.840" endtime="20221201 04:58:15.856"/>
</kw>
<status status="PASS" starttime="20221201 04:58:15.809" endtime="20221201 04:58:15.856"/>
</test>
<status status="PASS" starttime="20221201 04:58:14.910" endtime="20221201 04:58:15.872"/>
</suite>
<suite id="s1-s2" name="Listallreferences" source="C:\Users\verva\Koo\miniprojekti\pondetiimi\src\tests\listallreferences.robot">
<test id="s1-s2-t1" name="List All References Successfully" line="7">
<kw name="Add New Reference" library="RobotLibrary" type="SETUP">
<arg>Kirjoittaja Yksi, Kirjoittaja Kaksi</arg>
<arg>Otsikko</arg>
<arg>Julkaisija</arg>
<arg>2000</arg>
<arg>0000</arg>
<status status="PASS" starttime="20221201 04:58:15.981" endtime="20221201 04:58:15.997"/>
</kw>
<kw name="Input List Command" library="resource">
<kw name="Input" library="RobotLibrary">
<arg>listaa</arg>
<status status="PASS" starttime="20221201 04:58:15.997" endtime="20221201 04:58:15.997"/>
</kw>
<status status="PASS" starttime="20221201 04:58:15.997" endtime="20221201 04:58:15.997"/>
</kw>
<kw name="Run Application" library="RobotLibrary">
<msg timestamp="20221201 04:58:15.997" level="INFO">Komento 'uusi' luo uuden lähdeviitteen
Komento 'listaa' listaa kaikki lähdeviitteet
Komento 'vie' vie lähdeviitteet bibtex-tiedostoon
Komento 'lopeta' lopettaa ohjelman

Komento 'uusi' luo uuden lähdeviitteen
Komento 'listaa' listaa kaikki lähdeviitteet
Komento 'vie' vie lähdeviitteet bibtex-tiedostoon
Komento 'lopeta' lopettaa ohjelman</msg>
<status status="PASS" starttime="20221201 04:58:15.997" endtime="20221201 04:58:16.012"/>
</kw>
<kw name="Output Should Contain" library="RobotLibrary">
<arg>----------------------------------------------------------------------------------------------------</arg>
<status status="PASS" starttime="20221201 04:58:16.012" endtime="20221201 04:58:16.012"/>
</kw>
<status status="PASS" starttime="20221201 04:58:15.981" endtime="20221201 04:58:16.012"/>
</test>
<status status="PASS" starttime="20221201 04:58:15.903" endtime="20221201 04:58:16.028"/>
</suite>
<suite id="s1-s3" name="Newreference" source="C:\Users\verva\Koo\miniprojekti\pondetiimi\src\tests\newreference.robot">
<test id="s1-s3-t1" name="Create New Reference Successfully" line="5">
<kw name="Input New Command" library="resource">
<kw name="Input" library="RobotLibrary">
<arg>uusi</arg>
<status status="PASS" starttime="20221201 04:58:16.137" endtime="20221201 04:58:16.137"/>
</kw>
<status status="PASS" starttime="20221201 04:58:16.137" endtime="20221201 04:58:16.153"/>
</kw>
<kw name="Input Reference Details" library="resource">
<arg>Kirjoittaja Yksi</arg>
<arg>Otsikko</arg>
<arg>Julkaisija</arg>
<arg>2000</arg>
<arg>0000</arg>
<kw name="Input" library="RobotLibrary">
<arg>${author}</arg>
<status status="PASS" starttime="20221201 04:58:16.153" endtime="20221201 04:58:16.169"/>
</kw>
<kw name="Input" library="RobotLibrary">
<arg>${title}</arg>
<status status="PASS" starttime="20221201 04:58:16.169" endtime="20221201 04:58:16.169"/>
</kw>
<kw name="Input" library="RobotLibrary">
<arg>${publisher}</arg>
<status status="PASS" starttime="20221201 04:58:16.169" endtime="20221201 04:58:16.169"/>
</kw>
<kw name="Input" library="RobotLibrary">
<arg>${year}</arg>
<status status="PASS" starttime="20221201 04:58:16.169" endtime="20221201 04:58:16.169"/>
</kw>
<kw name="Input" library="RobotLibrary">
<arg>${isbn}</arg>
<status status="PASS" starttime="20221201 04:58:16.169" endtime="20221201 04:58:16.169"/>
</kw>
<kw name="Run Application" library="RobotLibrary">
<msg timestamp="20221201 04:58:16.184" level="INFO">Komento 'uusi' luo uuden lähdeviitteen
Komento 'listaa' listaa kaikki lähdeviitteet
Komento 'vie' vie lähdeviitteet bibtex-tiedostoon
Komento 'lopeta' lopettaa ohjelman

Komento 'uusi' luo uuden lähdeviitteen
Komento 'listaa' listaa kaikki lähdeviitteet
Komento 'vie' vie lähdeviitteet bibtex-tiedostoon
Komento 'lopeta' lopettaa ohjelman</msg>
<status status="PASS" starttime="20221201 04:58:16.184" endtime="20221201 04:58:16.184"/>
</kw>
<status status="PASS" starttime="20221201 04:58:16.153" endtime="20221201 04:58:16.184"/>
</kw>
<kw name="Output Should Contain" library="RobotLibrary">
<arg>Uusi viite lisätty!</arg>
<status status="PASS" starttime="20221201 04:58:16.184" endtime="20221201 04:58:16.184"/>
</kw>
<status status="PASS" starttime="20221201 04:58:16.137" endtime="20221201 04:58:16.184"/>
</test>
<status status="PASS" starttime="20221201 04:58:16.059" endtime="20221201 04:58:16.200"/>
</suite>
<status status="PASS" starttime="20221201 04:58:14.572" endtime="20221201 04:58:16.231"/>
</suite>
<statistics>
<total>
<stat pass="3" fail="0" skip="0">All Tests</stat>
</total>
<tag>
</tag>
<suite>
<stat pass="3" fail="0" skip="0" id="s1" name="Tests">Tests</stat>
<stat pass="1" fail="0" skip="0" id="s1-s1" name="Exporttobibtex">Tests.Exporttobibtex</stat>
<stat pass="1" fail="0" skip="0" id="s1-s2" name="Listallreferences">Tests.Listallreferences</stat>
<stat pass="1" fail="0" skip="0" id="s1-s3" name="Newreference">Tests.Newreference</stat>
</suite>
</statistics>
<errors>
</errors>
</robot>
